Base path: /Applications/Unity/Unity.app/Contents
Cmd: initializeCompiler
Cmd: compileSnippet
  api=14 type=0 insize=1468 outsize=3757 kw=DIRECTIONAL LIGHTPROBE_SH pd=UNITY_ENABLE_REFLECTION_BUFFERS UNITY_USE_DITHER_MASK_FOR_ALPHABLENDED_SHADOWS UNITY_PBS_USE_BRDF1 UNITY_SPECCUBE_BOX_PROJECTION UNITY_SPECCUBE_BLENDING UNITY_ENABLE_DETAIL_NORMALMAP SHADER_API_DESKTOP UNITY_COLORSPACE_GAMMA UNITY_LIGHT_PROBE_PROXY_VOLUME UNITY_LIGHTMAP_FULL_HDR ok=1
Cmd: disassembleShader
  api=14 insize=3757 outsize=3741 ok=1
Cmd: compileSnippet
  api=15 type=0 insize=1468 outsize=13218 kw=DIRECTIONAL _EMISSION VERTEXLIGHT_ON pd=UNITY_ENABLE_REFLECTION_BUFFERS UNITY_USE_DITHER_MASK_FOR_ALPHABLENDED_SHADOWS UNITY_PBS_USE_BRDF1 UNITY_SPECCUBE_BOX_PROJECTION UNITY_SPECCUBE_BLENDING UNITY_ENABLE_DETAIL_NORMALMAP SHADER_API_DESKTOP UNITY_COLORSPACE_GAMMA UNITY_LIGHT_PROBE_PROXY_VOLUME UNITY_LIGHTMAP_FULL_HDR ok=1
Cmd: disassembleShader
  api=15 insize=13218 outsize=13218 ok=1
Cmd: compileSnippet
  api=15 type=0 insize=1468 outsize=18661 kw=DIRECTIONAL SHADOWS_SCREEN LIGHTPROBE_SH _EMISSION VERTEXLIGHT_ON pd=UNITY_ENABLE_REFLECTION_BUFFERS UNITY_USE_DITHER_MASK_FOR_ALPHABLENDED_SHADOWS UNITY_PBS_USE_BRDF1 UNITY_SPECCUBE_BOX_PROJECTION UNITY_SPECCUBE_BLENDING UNITY_ENABLE_DETAIL_NORMALMAP SHADER_API_DESKTOP UNITY_COLORSPACE_GAMMA UNITY_LIGHT_PROBE_PROXY_VOLUME UNITY_LIGHTMAP_FULL_HDR ok=1
Cmd: disassembleShader
  api=15 insize=18661 outsize=18661 ok=1
Cmd: compileSnippet
  api=14 type=1 insize=1468 outsize=14492 kw=DIRECTIONAL LIGHTPROBE_SH pd=UNITY_ENABLE_REFLECTION_BUFFERS UNITY_USE_DITHER_MASK_FOR_ALPHABLENDED_SHADOWS UNITY_PBS_USE_BRDF1 UNITY_SPECCUBE_BOX_PROJECTION UNITY_SPECCUBE_BLENDING UNITY_ENABLE_DETAIL_NORMALMAP SHADER_API_DESKTOP UNITY_COLORSPACE_GAMMA UNITY_LIGHT_PROBE_PROXY_VOLUME UNITY_LIGHTMAP_FULL_HDR ok=1
Cmd: disassembleShader
  api=14 insize=14492 outsize=14476 ok=1
Cmd: compileSnippet
  api=15 type=0 insize=1330 outsize=9318 kw=SPOT pd=UNITY_ENABLE_REFLECTION_BUFFERS UNITY_USE_DITHER_MASK_FOR_ALPHABLENDED_SHADOWS UNITY_PBS_USE_BRDF1 UNITY_SPECCUBE_BOX_PROJECTION UNITY_SPECCUBE_BLENDING UNITY_ENABLE_DETAIL_NORMALMAP SHADER_API_DESKTOP UNITY_COLORSPACE_GAMMA UNITY_LIGHT_PROBE_PROXY_VOLUME UNITY_LIGHTMAP_FULL_HDR ok=1
Cmd: disassembleShader
  api=15 insize=9318 outsize=9318 ok=1
Cmd: compileSnippet
  api=14 type=0 insize=1330 outsize=3509 kw=POINT SHADOWS_CUBE pd=UNITY_ENABLE_REFLECTION_BUFFERS UNITY_USE_DITHER_MASK_FOR_ALPHABLENDED_SHADOWS UNITY_PBS_USE_BRDF1 UNITY_SPECCUBE_BOX_PROJECTION UNITY_SPECCUBE_BLENDING UNITY_ENABLE_DETAIL_NORMALMAP SHADER_API_DESKTOP UNITY_COLORSPACE_GAMMA UNITY_LIGHT_PROBE_PROXY_VOLUME UNITY_LIGHTMAP_FULL_HDR ok=1
Cmd: disassembleShader
  api=14 insize=3509 outsize=3493 ok=1
Cmd: compileSnippet
  api=15 type=0 insize=1330 outsize=10749 kw=POINT_COOKIE SHADOWS_CUBE pd=UNITY_ENABLE_REFLECTION_BUFFERS UNITY_USE_DITHER_MASK_FOR_ALPHABLENDED_SHADOWS UNITY_PBS_USE_BRDF1 UNITY_SPECCUBE_BOX_PROJECTION UNITY_SPECCUBE_BLENDING UNITY_ENABLE_DETAIL_NORMALMAP SHADER_API_DESKTOP UNITY_COLORSPACE_GAMMA UNITY_LIGHT_PROBE_PROXY_VOLUME UNITY_LIGHTMAP_FULL_HDR ok=1
Cmd: disassembleShader
  api=15 insize=10749 outsize=10749 ok=1
Cmd: compileSnippet
  api=14 type=1 insize=1330 outsize=7797 kw=POINT_COOKIE pd=UNITY_ENABLE_REFLECTION_BUFFERS UNITY_USE_DITHER_MASK_FOR_ALPHABLENDED_SHADOWS UNITY_PBS_USE_BRDF1 UNITY_SPECCUBE_BOX_PROJECTION UNITY_SPECCUBE_BLENDING UNITY_ENABLE_DETAIL_NORMALMAP SHADER_API_DESKTOP UNITY_COLORSPACE_GAMMA UNITY_LIGHT_PROBE_PROXY_VOLUME UNITY_LIGHTMAP_FULL_HDR ok=1
Cmd: disassembleShader
  api=14 insize=7797 outsize=7781 ok=1
Cmd: compileSnippet
  api=14 type=1 insize=1330 outsize=10399 kw=POINT SHADOWS_CUBE SHADOWS_SOFT pd=UNITY_ENABLE_REFLECTION_BUFFERS UNITY_USE_DITHER_MASK_FOR_ALPHABLENDED_SHADOWS UNITY_PBS_USE_BRDF1 UNITY_SPECCUBE_BOX_PROJECTION UNITY_SPECCUBE_BLENDING UNITY_ENABLE_DETAIL_NORMALMAP SHADER_API_DESKTOP UNITY_COLORSPACE_GAMMA UNITY_LIGHT_PROBE_PROXY_VOLUME UNITY_LIGHTMAP_FULL_HDR ok=1
Cmd: disassembleShader
  api=14 insize=10399 outsize=10383 ok=1
Cmd: compileSnippet
  api=15 type=1 insize=1110 outsize=0 kw=SHADOWS_CUBE pd=UNITY_ENABLE_REFLECTION_BUFFERS UNITY_USE_DITHER_MASK_FOR_ALPHABLENDED_SHADOWS UNITY_PBS_USE_BRDF1 UNITY_SPECCUBE_BOX_PROJECTION UNITY_SPECCUBE_BLENDING UNITY_ENABLE_DETAIL_NORMALMAP SHADER_API_DESKTOP UNITY_COLORSPACE_GAMMA UNITY_LIGHT_PROBE_PROXY_VOLUME UNITY_LIGHTMAP_FULL_HDR ok=1
Cmd: disassembleShader
  api=15 insize=0 outsize=57 ok=1
Cmd: compileSnippet
  api=14 type=0 insize=1424 outsize=3757 kw=LIGHTPROBE_SH _EMISSION UNITY_HDR_ON pd=UNITY_ENABLE_REFLECTION_BUFFERS UNITY_USE_DITHER_MASK_FOR_ALPHABLENDED_SHADOWS UNITY_PBS_USE_BRDF1 UNITY_SPECCUBE_BOX_PROJECTION UNITY_SPECCUBE_BLENDING UNITY_ENABLE_DETAIL_NORMALMAP SHADER_API_DESKTOP UNITY_COLORSPACE_GAMMA UNITY_LIGHT_PROBE_PROXY_VOLUME UNITY_LIGHTMAP_FULL_HDR ok=1
Cmd: disassembleShader
  api=14 insize=3757 outsize=3741 ok=1
Cmd: compileSnippet
  api=15 type=0 insize=1424 outsize=4248 kw=_EMISSION pd=UNITY_ENABLE_REFLECTION_BUFFERS UNITY_USE_DITHER_MASK_FOR_ALPHABLENDED_SHADOWS UNITY_PBS_USE_BRDF1 UNITY_SPECCUBE_BOX_PROJECTION UNITY_SPECCUBE_BLENDING UNITY_ENABLE_DETAIL_NORMALMAP SHADER_API_DESKTOP UNITY_COLORSPACE_GAMMA UNITY_LIGHT_PROBE_PROXY_VOLUME UNITY_LIGHTMAP_FULL_HDR ok=1
Cmd: disassembleShader
  api=15 insize=4248 outsize=4248 ok=1
Cmd: compileSnippet
  api=14 type=1 insize=1424 outsize=5706 kw=LIGHTPROBE_SH _EMISSION UNITY_HDR_ON pd=UNITY_ENABLE_REFLECTION_BUFFERS UNITY_USE_DITHER_MASK_FOR_ALPHABLENDED_SHADOWS UNITY_PBS_USE_BRDF1 UNITY_SPECCUBE_BOX_PROJECTION UNITY_SPECCUBE_BLENDING UNITY_ENABLE_DETAIL_NORMALMAP SHADER_API_DESKTOP UNITY_COLORSPACE_GAMMA UNITY_LIGHT_PROBE_PROXY_VOLUME UNITY_LIGHTMAP_FULL_HDR ok=1
Cmd: disassembleShader
  api=14 insize=5706 outsize=5690 ok=1
Cmd: compileSnippet
  api=15 type=0 insize=1272 outsize=14367 kw=DIRECTIONAL SHADOWS_SCREEN _EMISSION pd=UNITY_ENABLE_REFLECTION_BUFFERS UNITY_USE_DITHER_MASK_FOR_ALPHABLENDED_SHADOWS UNITY_PBS_USE_BRDF1 UNITY_SPECCUBE_BOX_PROJECTION UNITY_SPECCUBE_BLENDING UNITY_ENABLE_DETAIL_NORMALMAP SHADER_API_DESKTOP UNITY_COLORSPACE_GAMMA UNITY_LIGHT_PROBE_PROXY_VOLUME UNITY_LIGHTMAP_FULL_HDR ok=1
Cmd: disassembleShader
  api=15 insize=14367 outsize=14367 ok=1
Cmd: compileSnippet
  api=14 type=0 insize=1272 outsize=6033 kw=DIRECTIONAL LIGHTPROBE_SH VERTEXLIGHT_ON pd=UNITY_ENABLE_REFLECTION_BUFFERS UNITY_USE_DITHER_MASK_FOR_ALPHABLENDED_SHADOWS UNITY_PBS_USE_BRDF1 UNITY_SPECCUBE_BOX_PROJECTION UNITY_SPECCUBE_BLENDING UNITY_ENABLE_DETAIL_NORMALMAP SHADER_API_DESKTOP UNITY_COLORSPACE_GAMMA UNITY_LIGHT_PROBE_PROXY_VOLUME UNITY_LIGHTMAP_FULL_HDR ok=1
Cmd: disassembleShader
  api=14 insize=6033 outsize=6017 ok=1
Cmd: compileSnippet
  api=15 type=0 insize=1272 outsize=14161 kw=DIRECTIONAL SHADOWS_SCREEN VERTEXLIGHT_ON pd=UNITY_ENABLE_REFLECTION_BUFFERS UNITY_USE_DITHER_MASK_FOR_ALPHABLENDED_SHADOWS UNITY_PBS_USE_BRDF1 UNITY_SPECCUBE_BOX_PROJECTION UNITY_SPECCUBE_BLENDING UNITY_ENABLE_DETAIL_NORMALMAP SHADER_API_DESKTOP UNITY_COLORSPACE_GAMMA UNITY_LIGHT_PROBE_PROXY_VOLUME UNITY_LIGHTMAP_FULL_HDR ok=1
Cmd: disassembleShader
  api=15 insize=14161 outsize=14161 ok=1
Cmd: compileSnippet
  api=14 type=1 insize=1272 outsize=6350 kw=DIRECTIONAL LIGHTPROBE_SH pd=UNITY_ENABLE_REFLECTION_BUFFERS UNITY_USE_DITHER_MASK_FOR_ALPHABLENDED_SHADOWS UNITY_PBS_USE_BRDF1 UNITY_SPECCUBE_BOX_PROJECTION UNITY_SPECCUBE_BLENDING UNITY_ENABLE_DETAIL_NORMALMAP SHADER_API_DESKTOP UNITY_COLORSPACE_GAMMA UNITY_LIGHT_PROBE_PROXY_VOLUME UNITY_LIGHTMAP_FULL_HDR ok=1
Cmd: disassembleShader
  api=14 insize=6350 outsize=6334 ok=1
Cmd: compileSnippet
  api=14 type=0 insize=1138 outsize=3539 kw=DIRECTIONAL pd=UNITY_ENABLE_REFLECTION_BUFFERS UNITY_USE_DITHER_MASK_FOR_ALPHABLENDED_SHADOWS UNITY_PBS_USE_BRDF1 UNITY_SPECCUBE_BOX_PROJECTION UNITY_SPECCUBE_BLENDING UNITY_ENABLE_DETAIL_NORMALMAP SHADER_API_DESKTOP UNITY_COLORSPACE_GAMMA UNITY_LIGHT_PROBE_PROXY_VOLUME UNITY_LIGHTMAP_FULL_HDR ok=1
Cmd: disassembleShader
  api=14 insize=3539 outsize=3523 ok=1
Cmd: compileSnippet
  api=15 type=0 insize=1138 outsize=6833 kw=DIRECTIONAL_COOKIE pd=UNITY_ENABLE_REFLECTION_BUFFERS UNITY_USE_DITHER_MASK_FOR_ALPHABLENDED_SHADOWS UNITY_PBS_USE_BRDF1 UNITY_SPECCUBE_BOX_PROJECTION UNITY_SPECCUBE_BLENDING UNITY_ENABLE_DETAIL_NORMALMAP SHADER_API_DESKTOP UNITY_COLORSPACE_GAMMA UNITY_LIGHT_PROBE_PROXY_VOLUME UNITY_LIGHTMAP_FULL_HDR ok=1
Cmd: disassembleShader
  api=15 insize=6833 outsize=6833 ok=1
Cmd: compileSnippet
  api=14 type=0 insize=1138 outsize=3759 kw=POINT_COOKIE SHADOWS_CUBE pd=UNITY_ENABLE_REFLECTION_BUFFERS UNITY_USE_DITHER_MASK_FOR_ALPHABLENDED_SHADOWS UNITY_PBS_USE_BRDF1 UNITY_SPECCUBE_BOX_PROJECTION UNITY_SPECCUBE_BLENDING UNITY_ENABLE_DETAIL_NORMALMAP SHADER_API_DESKTOP UNITY_COLORSPACE_GAMMA UNITY_LIGHT_PROBE_PROXY_VOLUME UNITY_LIGHTMAP_FULL_HDR ok=1
Cmd: disassembleShader
  api=14 insize=3759 outsize=3743 ok=1
Cmd: compileSnippet
  api=14 type=1 insize=1138 outsize=5769 kw=SPOT pd=UNITY_ENABLE_REFLECTION_BUFFERS UNITY_USE_DITHER_MASK_FOR_ALPHABLENDED_SHADOWS UNITY_PBS_USE_BRDF1 UNITY_SPECCUBE_BOX_PROJECTION UNITY_SPECCUBE_BLENDING UNITY_ENABLE_DETAIL_NORMALMAP SHADER_API_DESKTOP UNITY_COLORSPACE_GAMMA UNITY_LIGHT_PROBE_PROXY_VOLUME UNITY_LIGHTMAP_FULL_HDR ok=1
Cmd: disassembleShader
  api=14 insize=5769 outsize=5753 ok=1
Cmd: compileSnippet
  api=14 type=0 insize=809 outsize=1864 kw=SHADOWS_CUBE pd=UNITY_ENABLE_REFLECTION_BUFFERS UNITY_USE_DITHER_MASK_FOR_ALPHABLENDED_SHADOWS UNITY_PBS_USE_BRDF1 UNITY_SPECCUBE_BOX_PROJECTION UNITY_SPECCUBE_BLENDING UNITY_ENABLE_DETAIL_NORMALMAP SHADER_API_DESKTOP UNITY_COLORSPACE_GAMMA UNITY_LIGHT_PROBE_PROXY_VOLUME UNITY_LIGHTMAP_FULL_HDR ok=1
Cmd: disassembleShader
  api=14 insize=1864 outsize=1848 ok=1
Cmd: disassembleShader
  api=15 insize=15834 outsize=15834 ok=1
Cmd: disassembleShader
  api=15 insize=13012 outsize=13012 ok=1
Cmd: disassembleShader
  api=15 insize=18661 outsize=18661 ok=1
Cmd: disassembleShader
  api=15 insize=0 outsize=57 ok=1
Cmd: disassembleShader
  api=15 insize=0 outsize=57 ok=1
Cmd: disassembleShader
  api=15 insize=9011 outsize=9011 ok=1
Cmd: disassembleShader
  api=14 insize=3510 outsize=3494 ok=1
Cmd: disassembleShader
  api=14 insize=3739 outsize=3723 ok=1
Cmd: disassembleShader
  api=15 insize=10590 outsize=10590 ok=1
Cmd: disassembleShader
  api=14 insize=6695 outsize=6679 ok=1
Cmd: disassembleShader
  api=15 insize=0 outsize=57 ok=1
Cmd: disassembleShader
  api=15 insize=0 outsize=57 ok=1
Cmd: disassembleShader
  api=15 insize=0 outsize=57 ok=1
Cmd: disassembleShader
  api=14 insize=3757 outsize=3741 ok=1
Cmd: disassembleShader
  api=14 insize=3757 outsize=3741 ok=1
Cmd: disassembleShader
  api=14 insize=5706 outsize=5690 ok=1
Cmd: disassembleShader
  api=15 insize=7538 outsize=7538 ok=1
Cmd: disassembleShader
  api=15 insize=14161 outsize=14161 ok=1
Cmd: disassembleShader
  api=14 insize=6033 outsize=6017 ok=1
Cmd: disassembleShader
  api=15 insize=14161 outsize=14161 ok=1
Cmd: disassembleShader
  api=14 insize=6661 outsize=6645 ok=1
Cmd: disassembleShader
  api=14 insize=15450 outsize=15434 ok=1
Cmd: disassembleShader
  api=15 insize=6320 outsize=6320 ok=1
Cmd: disassembleShader
  api=15 insize=9782 outsize=9782 ok=1
Cmd: disassembleShader
  api=14 insize=5769 outsize=5753 ok=1
Cmd: disassembleShader
  api=15 insize=0 outsize=57 ok=1
Cmd: disassembleShader
  api=15 insize=0 outsize=57 ok=1
Cmd: disassembleShader
  api=14 insize=954 outsize=938 ok=1
Cmd: disassembleShader
  api=14 insize=3284 outsize=3268 ok=1
Cmd: disassembleShader
  api=14 insize=3583 outsize=3567 ok=1
Cmd: disassembleShader
  api=14 insize=3284 outsize=3268 ok=1
Cmd: disassembleShader
  api=15 insize=17586 outsize=17586 ok=1
Cmd: disassembleShader
  api=15 insize=13218 outsize=13218 ok=1
Cmd: disassembleShader
  api=15 insize=0 outsize=57 ok=1
Cmd: disassembleShader
  api=14 insize=12192 outsize=12176 ok=1
Cmd: disassembleShader
  api=15 insize=9187 outsize=9187 ok=1
Cmd: disassembleShader
  api=14 insize=3739 outsize=3723 ok=1
Cmd: disassembleShader
  api=14 insize=3509 outsize=3493 ok=1
Cmd: disassembleShader
  api=15 insize=11900 outsize=11900 ok=1
Cmd: disassembleShader
  api=14 insize=7797 outsize=7781 ok=1
Cmd: disassembleShader
  api=15 insize=0 outsize=57 ok=1
Cmd: disassembleShader
  api=15 insize=0 outsize=57 ok=1
Cmd: disassembleShader
  api=15 insize=0 outsize=57 ok=1
Cmd: disassembleShader
  api=14 insize=3757 outsize=3741 ok=1
Cmd: disassembleShader
  api=15 insize=4248 outsize=4248 ok=1
Cmd: disassembleShader
  api=14 insize=5706 outsize=5690 ok=1
Cmd: disassembleShader
  api=15 insize=9025 outsize=9025 ok=1
Cmd: disassembleShader
  api=15 insize=16918 outsize=16918 ok=1
Cmd: disassembleShader
  api=14 insize=5738 outsize=5722 ok=1
Cmd: disassembleShader
  api=14 insize=3427 outsize=3411 ok=1
Cmd: disassembleShader
  api=15 insize=0 outsize=57 ok=1
Cmd: disassembleShader
  api=15 insize=0 outsize=57 ok=1
Cmd: disassembleShader
  api=15 insize=7029 outsize=7029 ok=1
Cmd: disassembleShader
  api=15 insize=6603 outsize=6603 ok=1
Cmd: disassembleShader
  api=15 insize=0 outsize=57 ok=1
Cmd: disassembleShader
  api=14 insize=4918 outsize=4902 ok=1
Cmd: disassembleShader
  api=14 insize=4553 outsize=4537 ok=1
Cmd: disassembleShader
  api=14 insize=954 outsize=938 ok=1
Cmd: disassembleShader
  api=14 insize=3284 outsize=3268 ok=1
Cmd: disassembleShader
  api=15 insize=14161 outsize=14161 ok=1
Cmd: disassembleShader
  api=14 insize=5419 outsize=5403 ok=1
Cmd: disassembleShader
  api=14 insize=3583 outsize=3567 ok=1
Cmd: disassembleShader
  api=14 insize=5738 outsize=5722 ok=1
Cmd: disassembleShader
  api=15 insize=13218 outsize=13218 ok=1
Cmd: disassembleShader
  api=15 insize=0 outsize=57 ok=1
Cmd: disassembleShader
  api=15 insize=0 outsize=57 ok=1
Cmd: disassembleShader
  api=15 insize=9187 outsize=9187 ok=1
Cmd: disassembleShader
  api=14 insize=3739 outsize=3723 ok=1
Cmd: disassembleShader
  api=15 insize=11724 outsize=11724 ok=1
Cmd: disassembleShader
  api=15 insize=0 outsize=57 ok=1
Cmd: disassembleShader
  api=14 insize=12589 outsize=12573 ok=1
Cmd: disassembleShader
  api=14 insize=10399 outsize=10383 ok=1
Cmd: disassembleShader
  api=14 insize=1864 outsize=1848 ok=1
Cmd: disassembleShader
  api=15 insize=7262 outsize=7262 ok=1
Cmd: disassembleShader
  api=14 insize=5435 outsize=5419 ok=1
Cmd: disassembleShader
  api=14 insize=2629 outsize=2613 ok=1
Cmd: disassembleShader
  api=14 insize=3583 outsize=3567 ok=1
Cmd: disassembleShader
  api=15 insize=17124 outsize=17124 ok=1
Cmd: disassembleShader
  api=15 insize=14367 outsize=14367 ok=1
Cmd: disassembleShader
  api=15 insize=0 outsize=57 ok=1
Cmd: disassembleShader
  api=14 insize=15450 outsize=15434 ok=1
Cmd: disassembleShader
  api=14 insize=3539 outsize=3523 ok=1
Cmd: disassembleShader
  api=14 insize=3539 outsize=3523 ok=1
Cmd: disassembleShader
  api=15 insize=9782 outsize=9782 ok=1
Cmd: disassembleShader
  api=15 insize=0 outsize=57 ok=1
Cmd: disassembleShader
  api=15 insize=0 outsize=57 ok=1
Cmd: disassembleShader
  api=15 insize=0 outsize=57 ok=1
Cmd: disassembleShader
  api=15 insize=0 outsize=57 ok=1
Cmd: disassembleShader
  api=14 insize=3583 outsize=3567 ok=1
Cmd: disassembleShader
  api=14 insize=4085 outsize=4069 ok=1
Cmd: disassembleShader
  api=14 insize=3284 outsize=3268 ok=1
Cmd: disassembleShader
  api=15 insize=17586 outsize=17586 ok=1
Cmd: disassembleShader
  api=15 insize=18455 outsize=18455 ok=1
Cmd: disassembleShader
  api=15 insize=0 outsize=57 ok=1
Cmd: disassembleShader
  api=14 insize=15450 outsize=15434 ok=1
Cmd: disassembleShader
  api=14 insize=3415 outsize=3399 ok=1
Cmd: disassembleShader
  api=15 insize=8804 outsize=8804 ok=1
Cmd: disassembleShader
  api=14 insize=3509 outsize=3493 ok=1
Cmd: disassembleShader
  api=15 insize=10749 outsize=10749 ok=1
Cmd: disassembleShader
  api=15 insize=0 outsize=57 ok=1
Cmd: disassembleShader
  api=14 insize=12589 outsize=12573 ok=1
Cmd: disassembleShader
  api=14 insize=10399 outsize=10383 ok=1
Cmd: disassembleShader
  api=15 insize=1871 outsize=1871 ok=1
Cmd: disassembleShader
  api=15 insize=4049 outsize=4049 ok=1
Cmd: disassembleShader
  api=14 insize=5435 outsize=5419 ok=1
Cmd: disassembleShader
  api=14 insize=2629 outsize=2613 ok=1
Cmd: disassembleShader
  api=14 insize=3583 outsize=3567 ok=1
Cmd: disassembleShader
  api=14 insize=4085 outsize=4069 ok=1
Cmd: disassembleShader
  api=14 insize=3427 outsize=3411 ok=1
Cmd: disassembleShader
  api=15 insize=7538 outsize=7538 ok=1
Cmd: disassembleShader
  api=15 insize=14161 outsize=14161 ok=1
Cmd: disassembleShader
  api=15 insize=0 outsize=57 ok=1
Cmd: disassembleShader
  api=15 insize=0 outsize=57 ok=1
Cmd: disassembleShader
  api=15 insize=7349 outsize=7349 ok=1
Cmd: disassembleShader
  api=14 insize=3739 outsize=3723 ok=1
Cmd: disassembleShader
  api=15 insize=6312 outsize=6312 ok=1
Cmd: disassembleShader
  api=15 insize=0 outsize=57 ok=1
Cmd: disassembleShader
  api=14 insize=8790 outsize=8774 ok=1
Cmd: disassembleShader
  api=15 insize=1871 outsize=1871 ok=1

Quitting shader compiler process
